
****** PlanAhead v14.7 (64-bit)
  **** Build 321239 by xbuild on Fri Sep 27 19:29:51 MDT 2013
    ** Copyright 1986-1999, 2001-2013 Xilinx, Inc. All Rights Reserved.

INFO: [Common 17-78] Attempting to get a license: PlanAhead
INFO: [Common 17-290] Got license for PlanAhead
INFO: [Device 21-36] Loading parts and site information from C:/Xilinx/14.7/ISE_DS/PlanAhead/data/parts/arch.xml
Parsing RTL primitives file [C:/Xilinx/14.7/ISE_DS/PlanAhead/data/parts/xilinx/rtl/prims/rtl_prims.xml]
Finished parsing RTL primitives file [C:/Xilinx/14.7/ISE_DS/PlanAhead/data/parts/xilinx/rtl/prims/rtl_prims.xml]
start_gui
Failed to create the layout directory: 'C:\Users\Elliot\AppData\Roaming/Xilinx/PlanAhead\14.7\layouts\application'
source C:/Users/Elliot/Documents/Xilinx/TWO_PLAYER_PONG/pa.fromNetlist.tcl
# create_project -name TWO_PLAYER_PONG -dir "C:/Users/Elliot/Documents/Xilinx/TWO_PLAYER_PONG/planAhead_run_2" -part xc6slx9tqg144-3
create_project: Time (s): elapsed = 00:00:06 . Memory (MB): peak = 417.172 ; gain = 70.480
# set_property design_mode GateLvl [get_property srcset [current_run -impl]]
# set_property edif_top_file "C:/Users/Elliot/Documents/Xilinx/TWO_PLAYER_PONG/Pong.ngc" [ get_property srcset [ current_run ] ]
# add_files -norecurse { {C:/Users/Elliot/Documents/Xilinx/TWO_PLAYER_PONG} }
# set_property target_constrs_file "mojoV3.ucf" [current_fileset -constrset]
Adding file 'C:/Users/Elliot/Documents/Xilinx/TWO_PLAYER_PONG/mojoV3.ucf' to fileset 'constrs_1'
# add_files [list {mojoV3.ucf}] -fileset [get_property constrset [current_run]]
# link_design
Design is defaulting to srcset: sources_1
Design is defaulting to constrset: constrs_1
Design is defaulting to project part: xc6slx9tqg144-3
WARNING: [Common 17-175] Failed to make directory to contain cached edif files [C:/Users/Elliot/Documents/Xilinx/TWO_PLAYER_PONG/planAhead_run_2/TWO_PLAYER_PONG.data/cache]
Release 14.7 - ngc2edif P.20131013 (nt64)
Copyright (c) 1995-2013 Xilinx, Inc.  All rights reserved.
Reading design Pong.ngc ...
WARNING:NetListWriters:298 - No output is written to Pong.xncf, ignored.
Processing design ...
   Preping design's networks ...
   Preping design's macros ...
WARNING:NetListWriters:306 - Signal bus Madd_n0280[10:0]_cy<5 : 3> on block Pong
   is not reconstructed, because there are some missing bus signals.
WARNING:NetListWriters:306 - Signal bus Msub_GND_1_o_GND_1_o_sub_53_OUT_cy<5 :
   3> on block Pong is not reconstructed, because there are some missing bus
   signals.
WARNING:NetListWriters:306 - Signal bus Madd_n0242_cy<9 : 1> on block Pong is
   not reconstructed, because there are some missing bus signals.
WARNING:NetListWriters:306 - Signal bus Madd_n0227_cy<9 : 6> on block Pong is
   not reconstructed, because there are some missing bus signals.
  finished :Prep
Writing EDIF netlist file Pong.edif ...
ngc2edif: Total memory usage is 84624 kilobytes

Parsing EDIF File [./.Xil/PlanAhead-7124-MR_ROBOT/ngc2edif/Pong.edif]
Finished Parsing EDIF File [./.Xil/PlanAhead-7124-MR_ROBOT/ngc2edif/Pong.edif]
INFO: [Netlist 29-17] Analyzing 1 Unisim elements for replacement
INFO: [Netlist 29-28] Unisim Transformation completed in 0 CPU seconds
Loading clock regions from C:/Xilinx/14.7/ISE_DS/PlanAhead/data\parts/xilinx/spartan6/spartan6lx/xc6slx9/ClockRegion.xml
Loading clock buffers from C:/Xilinx/14.7/ISE_DS/PlanAhead/data\parts/xilinx/spartan6/spartan6lx/xc6slx9/ClockBuffers.xml
Loading package pin functions from C:/Xilinx/14.7/ISE_DS/PlanAhead/data\parts/xilinx/spartan6/PinFunctions.xml...
Loading package from C:/Xilinx/14.7/ISE_DS/PlanAhead/data\parts/xilinx/spartan6/spartan6lx/xc6slx9/tqg144/Package.xml
Loading io standards from C:/Xilinx/14.7/ISE_DS/PlanAhead/data\./parts/xilinx/spartan6/IOStandards.xml
Loading device configuration modes from C:/Xilinx/14.7/ISE_DS/PlanAhead/data\parts/xilinx/spartan6/ConfigModes.xml
Loading list of drcs for the architecture : C:/Xilinx/14.7/ISE_DS/PlanAhead/data\./parts/xilinx/spartan6/drc.xml
Parsing UCF File [C:/Users/Elliot/Documents/Xilinx/TWO_PLAYER_PONG/mojoV3.ucf]
Finished Parsing UCF File [C:/Users/Elliot/Documents/Xilinx/TWO_PLAYER_PONG/mojoV3.ucf]
INFO: [Project 1-111] Unisim Transformation Summary:
  A total of 1 instances were transformed.
  BUFGP => BUFGP (IBUF, BUFG): 1 instances

Phase 0 | Netlist Checksum: d8ac01dc
link_design: Time (s): elapsed = 00:00:19 . Memory (MB): peak = 596.875 ; gain = 179.703
exit
ERROR: [Common 17-39] 'stop_gui' failed due to earlier errors.
INFO: [Common 17-206] Exiting PlanAhead at Mon Jun 26 22:53:08 2017...
INFO: [Common 17-83] Releasing license: PlanAhead
