
****** PlanAhead v14.7 (64-bit)
  **** Build 321239 by xbuild on Fri Sep 27 19:29:51 MDT 2013
    ** Copyright 1986-1999, 2001-2013 Xilinx, Inc. All Rights Reserved.

INFO: [Common 17-78] Attempting to get a license: PlanAhead
INFO: [Common 17-290] Got license for PlanAhead
INFO: [Device 21-36] Loading parts and site information from C:/Xilinx/14.7/ISE_DS/PlanAhead/data/parts/arch.xml
Parsing RTL primitives file [C:/Xilinx/14.7/ISE_DS/PlanAhead/data/parts/xilinx/rtl/prims/rtl_prims.xml]
Finished parsing RTL primitives file [C:/Xilinx/14.7/ISE_DS/PlanAhead/data/parts/xilinx/rtl/prims/rtl_prims.xml]
start_gui
source C:/Users/Elliot/Documents/Xilinx/TWO_PLAYER_PONG/pa.fromNetlist.tcl
# create_project -name TWO_PLAYER_PONG -dir "C:/Users/Elliot/Documents/Xilinx/TWO_PLAYER_PONG/planAhead_run_2" -part xc6slx9tqg144-3
create_project: Time (s): elapsed = 00:00:06 . Memory (MB): peak = 418.117 ; gain = 71.590
# set_property design_mode GateLvl [get_property srcset [current_run -impl]]
# set_property edif_top_file "C:/Users/Elliot/Documents/Xilinx/TWO_PLAYER_PONG/Pong.ngc" [ get_property srcset [ current_run ] ]
# add_files -norecurse { {C:/Users/Elliot/Documents/Xilinx/TWO_PLAYER_PONG} }
# set_property target_constrs_file "mojoV3.ucf" [current_fileset -constrset]
Adding file 'C:/Users/Elliot/Documents/Xilinx/TWO_PLAYER_PONG/mojoV3.ucf' to fileset 'constrs_1'
# add_files [list {mojoV3.ucf}] -fileset [get_property constrset [current_run]]
# link_design
Design is defaulting to srcset: sources_1
Design is defaulting to constrset: constrs_1
Design is defaulting to project part: xc6slx9tqg144-3

    while executing
"link_design"
    (file "C:/Users/Elliot/Documents/Xilinx/TWO_PLAYER_PONG/pa.fromNetlist.tcl" line 10)
exit
ERROR: [Common 17-39] 'stop_gui' failed due to earlier errors.
INFO: [Common 17-206] Exiting PlanAhead at Mon Jun 26 22:51:51 2017...
INFO: [Common 17-83] Releasing license: PlanAhead
